<?xml version="1.0" encoding="UTF-8"?>
<testng-results skipped="0" failed="0" ignored="0" total="1" passed="1">
  <reporter-output>
  </reporter-output>
  <suite name="Default suite" duration-ms="14083" started-at="2023-10-12T14:29:56 CDT" finished-at="2023-10-12T14:30:10 CDT">
    <groups>
    </groups>
    <test name="Default test" duration-ms="14083" started-at="2023-10-12T14:29:56 CDT" finished-at="2023-10-12T14:30:10 CDT">
      <class name="tests.AddCustomerTest">
        <test-method status="PASS" signature="userShuldBeAbleToAddCustomers()[pri:0, instance:tests.AddCustomerTest@7a9273a8]" name="userShuldBeAbleToAddCustomers" duration-ms="14047" started-at="2023-10-12T14:29:56 CDT" finished-at="2023-10-12T14:30:10 CDT">
          <reporter-output>
          </reporter-output>
        </test-method> <!-- userShuldBeAbleToAddCustomers -->
      </class> <!-- tests.AddCustomerTest -->
    </test> <!-- Default test -->
  </suite> <!-- Default suite -->
</testng-results>
